C51 COMPILER V9.60.7.0   APP_BATTERY_DETECTION                                             05/10/2024 15:28:54 PAGE 1   


C51 COMPILER V9.60.7.0, COMPILATION OF MODULE APP_BATTERY_DETECTION
OBJECT MODULE PLACED IN .\Objects\App_Battery_Detection.obj
COMPILER INVOKED BY: D:\Keil_v5\C51\BIN\C51.EXE App\App_Battery_Detection.c LARGE OPTIMIZE(8,SPEED) BROWSE INCDIR(.\User
                    -;.\OS;.\Lib;.\Driver) DEBUG OBJECTEXTEND PRINT(.\Listings\App_Battery_Detection.lst) TABS(2) OBJECT(.\Objects\App_Batter
                    -y_Detection.obj)

line level    source

   1          #include "App.h"
   2          #include "Battery.h"
   3          #include "Buzzer.h"
   4          
   5          #define LOW_POWER 11.0
   6          
   7          float voltage;
   8          
   9          // 判断是否是低电量
  10          u8 isLowPower(){
  11   1        return voltage < LOW_POWER;
  12   1      }
  13            
  14          void task_battery() _task_ TASK_BATTERY {
  15   1        Battery_init();
  16   1        while(1){
  17   2          // 读取VCC电压 -----------------------------------
  18   2          voltage = Battery_get_voltage();
  19   2          printf("voltage: %.3f V\n", voltage);
  20   2          
  21   2          // 4.2V * 3 = 12.6V
  22   2          // 3.7V * 3 = 11.1V
  23   2          // 3.5V * 3 = 10.5V
  24   2          if(isLowPower()){
  25   3            printf("Battery voltage is too low, please charge it: %.2f\n", voltage);
  26   3          
  27   3            // 滴滴滴，连续三声
  28   3            Buzzer_play(3, 50);
  29   3          }
  30   2      
  31   2          // 2000ms
  32   2          os_wait2(K_TMO, 200);// 1000ms = 5ms * 200
  33   2          os_wait2(K_TMO, 200);// 1000ms = 5ms * 200
  34   2        }
  35   1      }


MODULE INFORMATION:   STATIC OVERLAYABLE
   CODE SIZE        =    133    ----
   CONSTANT SIZE    =     69    ----
   XDATA SIZE       =      4    ----
   PDATA SIZE       =   ----    ----
   DATA SIZE        =   ----    ----
   IDATA SIZE       =   ----    ----
   BIT SIZE         =   ----    ----
END OF MODULE INFORMATION.


C51 COMPILATION COMPLETE.  0 WARNING(S),  0 ERROR(S)
