C51 COMPILER V9.60.7.0   KEY                                                               05/10/2024 15:28:54 PAGE 1   


C51 COMPILER V9.60.7.0, COMPILATION OF MODULE KEY
OBJECT MODULE PLACED IN .\Objects\Key.obj
COMPILER INVOKED BY: D:\Keil_v5\C51\BIN\C51.EXE Driver\Key.c LARGE OPTIMIZE(8,SPEED) BROWSE INCDIR(.\User;.\OS;.\Lib;.\D
                    -river) DEBUG OBJECTEXTEND PRINT(.\Listings\Key.lst) TABS(2) OBJECT(.\Objects\Key.obj)

line level    source

   1          #include "Key.h"
   2          
   3          static void GPIO_config(u8 gpio, u8 pin) {
   4   1        GPIO_InitTypeDef  GPIO_InitStructure;   //结构定义
   5   1        GPIO_InitStructure.Pin  = pin;    //指定要初始化的IO,
   6   1        //指定IO的输入或输出方式,GPIO_PullUp,GPIO_HighZ,GPIO_OUT_OD,GPIO_OUT_PP
   7   1        GPIO_InitStructure.Mode = GPIO_PullUp;  
   8   1        GPIO_Inilize(gpio, &GPIO_InitStructure);//初始化
   9   1      }
  10          
  11          
  12          void Key_init(){
  13   1        GPIO_config(GPIO_KEY);
  14   1        
  15   1        KEY = 1;
  16   1      }
  17          
  18          u8 last_key_state = 1;
  19          void Key_scan(){
  20   1        
  21   1        // 状态发生变化的时候
  22   1        if(KEY != last_key_state){
  23   2          // 记录最新的状态
  24   2          last_key_state = KEY;
  25   2          // 根据按钮最新的电平，判定抬起还是按下
  26   2          if(KEY){ // 1 是上升沿（低->高）抬起
  27   3            Key_on_keyup();     
  28   3          }else { // 0 是下降沿（高->低）按下
  29   3            Key_on_keydown();
  30   3          }
  31   2        }
  32   1      }


MODULE INFORMATION:   STATIC OVERLAYABLE
   CODE SIZE        =     56    ----
   CONSTANT SIZE    =   ----    ----
   XDATA SIZE       =      1       2
   PDATA SIZE       =   ----    ----
   DATA SIZE        =   ----    ----
   IDATA SIZE       =   ----    ----
   BIT SIZE         =   ----    ----
END OF MODULE INFORMATION.


C51 COMPILATION COMPLETE.  0 WARNING(S),  0 ERROR(S)
