C51 COMPILER V9.60.7.0   TRACKER                                                           05/10/2024 15:28:54 PAGE 1   


C51 COMPILER V9.60.7.0, COMPILATION OF MODULE TRACKER
OBJECT MODULE PLACED IN .\Objects\Tracker.obj
COMPILER INVOKED BY: D:\Keil_v5\C51\BIN\C51.EXE Driver\Tracker.c LARGE OPTIMIZE(8,SPEED) BROWSE INCDIR(.\User;.\OS;.\Lib
                    -;.\Driver) DEBUG OBJECTEXTEND PRINT(.\Listings\Tracker.lst) TABS(2) OBJECT(.\Objects\Tracker.obj)

line level    source

   1          #include "Tracker.h"
   2          
   3          
   4          void Tracker_init(){
   5   1      
   6   1          // 初始化GPIO
   7   1        TRACKER_GPIO_INIT();
   8   1      }
   9          
  10          // 扫描当前所有灯状态
  11          // 1: 黑线，光敏电阻没收到光：指示灯灭
  12          // 0: 地面，光敏电阻收到光了：指示灯亮
  13          void Tracker_scan(u8 states[]){
  14   1        states[0] = TRACK_1;
  15   1        states[1] = TRACK_2;
  16   1        states[2] = TRACK_3;
  17   1      }
  18          
  19          
  20          // 读取线位置
  21          // 1高电平: 黑线，指示灯灭 (光敏电阻没收到光)
  22          // 0低电平: 地面，指示灯亮（光敏电阻收到光了）
  23          int Tracker_get_position(){
  24   1        
  25   1        int sum = 0, count = 0, pos = 0;
  26   1        // 记录上一次的位置, 只初始化1次
  27   1        static int last_pos = 0;
  28   1        
  29   1        if(TRACK_1 == 1){
  30   2          sum += -32;
  31   2          count++;
  32   2        }
  33   1        if(TRACK_2 == 1){
  34   2          sum += 0;
  35   2          count++;
  36   2        }
  37   1        if(TRACK_3 == 1){
  38   2          sum += 32;
  39   2          count++;
  40   2        }
  41   1        
  42   1        // 没有灯压到黑线
  43   1        if(count == 0){
  44   2          // 状态丢失。以上一次状态为准
  45   2          return last_pos;
  46   2        }
  47   1        
  48   1        pos = sum / count;
  49   1        
  50   1        // 把当前值记录下来，用于下一次没压到线时，返回用
  51   1        last_pos = pos;
  52   1        
  53   1        return pos;
  54   1      }
C51 COMPILER V9.60.7.0   TRACKER                                                           05/10/2024 15:28:54 PAGE 2   

  55          
  56          
  57          


MODULE INFORMATION:   STATIC OVERLAYABLE
   CODE SIZE        =    133    ----
   CONSTANT SIZE    =   ----    ----
   XDATA SIZE       =      2       2
   PDATA SIZE       =   ----    ----
   DATA SIZE        =   ----    ----
   IDATA SIZE       =   ----    ----
   BIT SIZE         =   ----    ----
END OF MODULE INFORMATION.


C51 COMPILATION COMPLETE.  0 WARNING(S),  0 ERROR(S)
